<?xml version="1.0" encoding="UTF-8"?>
<testng-results ignored="0" total="1" passed="1" failed="0" skipped="0">
  <reporter-output>
  </reporter-output>
  <suite started-at="2022-12-16T15:27:43 IST" name="Default suite" finished-at="2022-12-16T15:27:56 IST" duration-ms="12622">
    <groups>
    </groups>
    <test started-at="2022-12-16T15:27:43 IST" name="Default test" finished-at="2022-12-16T15:27:56 IST" duration-ms="12622">
      <class name="login.LogInTest">
        <test-method is-config="true" signature="beforeClass()[pri:0, instance:login.LogInTest@534a5a98]" started-at="2022-12-16T15:27:43 IST" name="beforeClass" finished-at="2022-12-16T15:27:54 IST" duration-ms="11000" status="PASS">
          <reporter-output>
          </reporter-output>
        </test-method> <!-- beforeClass -->
        <test-method signature="login()[pri:0, instance:login.LogInTest@534a5a98]" started-at="2022-12-16T15:27:54 IST" name="login" finished-at="2022-12-16T15:27:54 IST" duration-ms="417" status="PASS">
          <reporter-output>
          </reporter-output>
        </test-method> <!-- login -->
        <test-method is-config="true" signature="afterClass()[pri:0, instance:login.LogInTest@534a5a98]" started-at="2022-12-16T15:27:54 IST" name="afterClass" finished-at="2022-12-16T15:27:56 IST" duration-ms="1110" status="PASS">
          <reporter-output>
          </reporter-output>
        </test-method> <!-- afterClass -->
      </class> <!-- login.LogInTest -->
    </test> <!-- Default test -->
  </suite> <!-- Default suite -->
</testng-results>
